<?xml version="1.0" encoding="UTF-8"?>
<!-- Generated by org.testng.reporters.JUnitReportReporter -->
<testsuite hostname="GopalaKrishna" name="testcases.TC003_LinkedIn" tests="1" failures="0" timestamp="22 Jun 2016 10:08:55 GMT" time="61.998" errors="0">
  <testcase name="case03" time="61.998" classname="testcases.TC003_LinkedIn"/>
</testsuite> <!-- testcases.TC003_LinkedIn -->
