<?xml version="1.0" encoding="UTF-8"?>
<!-- Generated by org.testng.reporters.JUnitReportReporter -->
<testsuite hostname="GopalaKrishna" name="testcases.T004_LinkedIn" tests="1" failures="0" timestamp="22 Jun 2016 11:35:12 GMT" time="92.137" errors="0">
  <testcase name="case04" time="92.137" classname="testcases.T004_LinkedIn"/>
</testsuite> <!-- testcases.T004_LinkedIn -->
