<?xml version="1.0" encoding="UTF-8"?>
<!-- Generated by org.testng.reporters.JUnitReportReporter -->
<testsuite hostname="GopalaKrishna" name="testcases.TC001_LinkedInLogin" tests="1" failures="0" timestamp="18 Jun 2016 17:15:36 GMT" time="53.242" errors="0">
  <testcase name="login" time="53.242" classname="testcases.TC001_LinkedInLogin"/>
</testsuite> <!-- testcases.TC001_LinkedInLogin -->
