<?xml version="1.0" encoding="UTF-8"?>
<!-- Generated by org.testng.reporters.JUnitReportReporter -->
<testsuite hostname="GopalaKrishna" name="testcases.TC002_LinkedIn" tests="1" failures="0" timestamp="22 Jun 2016 09:10:33 GMT" time="54.136" errors="0">
  <testcase name="case02" time="54.136" classname="testcases.TC002_LinkedIn"/>
</testsuite> <!-- testcases.TC002_LinkedIn -->
