<?xml version="1.0" encoding="UTF-8"?>
<!-- Generated by org.testng.reporters.JUnitReportReporter -->
<testsuite hostname="GopalaKrishna" name="testcases.TC001_LinkedIn" tests="1" failures="0" timestamp="19 Jun 2016 13:24:52 GMT" time="30.582" errors="0">
  <testcase name="login" time="30.582" classname="testcases.TC001_LinkedIn"/>
</testsuite> <!-- testcases.TC001_LinkedIn -->
